<?xml version="1.0" encoding="UTF-8"?>
<!-- Generated by org.testng.reporters.JUnitReportReporter -->
<testsuite skipped="0" hostname="DESKTOP-0G7SL6V" name="org.runner.TestRunnerClass" tests="2" failures="0" timestamp="13 Aug 2020 04:59:03 GMT" time="72.303" errors="0">
  <testcase name="runScenario" time="20.654" classname="org.runner.TestRunnerClass"/>
  <testcase name="runScenario" time="51.649" classname="org.runner.TestRunnerClass"/>
</testsuite> <!-- org.runner.TestRunnerClass -->
