<?xml version="1.0" encoding="UTF-8"?>
<!-- Generated by org.testng.reporters.JUnitReportReporter -->
<testsuite skipped="0" hostname="DESKTOP-0G7SL6V" name="org.runner.TestRunnerClass" tests="2" failures="0" timestamp="16 Aug 2020 14:06:04 GMT" time="75.502" errors="0">
  <testcase name="runScenario" time="55.103" classname="org.runner.TestRunnerClass"/>
  <testcase name="runScenario" time="20.399" classname="org.runner.TestRunnerClass"/>
</testsuite> <!-- org.runner.TestRunnerClass -->
